<?xml version="1.0" encoding="UTF-8"?>
<!-- Generated by org.testng.reporters.JUnitReportReporter -->
<testsuite hostname="LAPTOP-JITHUK" failures="0" tests="1" name="JKE2EProjectTests.HomePageTest" time="10.541" errors="0" timestamp="2021-11-22T19:49:31 IST" skipped="0">
  <testcase classname="JKE2EProjectTests.HomePageTest" name="HomeTest" time="10.541"/>
  <system-out/>
</testsuite> <!-- JKE2EProjectTests.HomePageTest -->
