<?xml version="1.0" encoding="UTF-8"?>
<!-- Generated by org.testng.reporters.JUnitReportReporter -->
<testsuite hostname="LAPTOP-JITHUK" failures="0" tests="2" name="JKE2EProjectTests.LoginPageTest" time="13.133" errors="0" timestamp="2021-11-22T19:49:31 IST" skipped="0">
  <testcase classname="JKE2EProjectTests.LoginPageTest" name="LoginTest" time="3.706"/>
  <system-out/>
  <testcase classname="JKE2EProjectTests.LoginPageTest" name="LoginTest" time="9.427"/>
  <system-out/>
</testsuite> <!-- JKE2EProjectTests.LoginPageTest -->
