<?xml version="1.0" encoding="UTF-8"?>
<!-- Generated by org.testng.reporters.JUnitReportReporter -->
<testsuite hostname="LAPTOP-JITHUK" failures="0" tests="2" name="JKE2EProject.LoginPageTest" time="19.439" errors="0" timestamp="2021-11-22T13:49:28 IST" skipped="0">
  <testcase classname="JKE2EProject.LoginPageTest" name="LoginTest" time="3.910"/>
  <system-out/>
  <testcase classname="JKE2EProject.LoginPageTest" name="LoginTest" time="15.529"/>
  <system-out/>
</testsuite> <!-- JKE2EProject.LoginPageTest -->
