<?xml version="1.0" encoding="UTF-8"?>
<!-- Generated by org.testng.reporters.JUnitReportReporter -->
<testsuite hostname="LAPTOP-JITHUK" failures="0" tests="1" name="JKE2EProject.HomePageTest" time="12.629" errors="0" timestamp="2021-11-22T13:49:28 IST" skipped="0">
  <testcase classname="JKE2EProject.HomePageTest" name="HomeTest" time="12.629"/>
  <system-out/>
</testsuite> <!-- JKE2EProject.HomePageTest -->
