<?xml version="1.0" encoding="UTF-8"?>
<!-- Generated by org.testng.reporters.JUnitReportReporter -->
<testsuite hostname="LAPTOP-JITHUK" failures="0" tests="2" name="JKE2EProjectTests.CustomerPageTest" time="11.617" errors="0" timestamp="2021-11-22T21:47:46 IST" skipped="0">
  <testcase classname="JKE2EProjectTests.CustomerPageTest" name="CustomerPageSearchEmailTest" time="7.316"/>
  <system-out/>
  <testcase classname="JKE2EProjectTests.CustomerPageTest" name="CustomerPageSearchFirstNameTest" time="4.301"/>
  <system-out/>
</testsuite> <!-- JKE2EProjectTests.CustomerPageTest -->
