<?xml version="1.0" encoding="UTF-8"?>
<!-- Generated by org.testng.reporters.JUnitReportReporter -->
<testsuite hostname="LAPTOP-JITHUK" failures="0" tests="1" name="JKE2EProjectTests.HomePageTest" time="17.183" errors="0" timestamp="2021-11-22T21:57:16 IST" skipped="0">
  <testcase classname="JKE2EProjectTests.HomePageTest" name="HomeTest" time="17.183"/>
  <system-out/>
</testsuite> <!-- JKE2EProjectTests.HomePageTest -->
