<?xml version="1.0" encoding="UTF-8"?>
<!-- Generated by org.testng.reporters.JUnitReportReporter -->
<testsuite hostname="LAPTOP-JITHUK" failures="0" tests="2" name="JKE2EProjectTests.LoginPageTest" time="33.462" errors="0" timestamp="2021-11-22T21:47:46 IST" skipped="0">
  <testcase classname="JKE2EProjectTests.LoginPageTest" name="LoginTest" time="27.795"/>
  <system-out/>
  <testcase classname="JKE2EProjectTests.LoginPageTest" name="LoginTest" time="5.667"/>
  <system-out/>
</testsuite> <!-- JKE2EProjectTests.LoginPageTest -->
