<?xml version="1.0" encoding="UTF-8"?>
<!-- Generated by org.testng.reporters.JUnitReportReporter -->
<testsuite hostname="LAPTOP-90N2V78C" failures="0" tests="1" name="JKE2EProject.HomePageTest" time="55.999" errors="0" timestamp="2021-10-15T20:18:42 IST" skipped="0">
  <testcase classname="JKE2EProject.HomePageTest" name="HomeTest" time="55.999"/>
  <system-out/>
</testsuite> <!-- JKE2EProject.HomePageTest -->
