<?xml version="1.0" encoding="UTF-8"?>
<!-- Generated by org.testng.reporters.JUnitReportReporter -->
<testsuite hostname="LAPTOP-90N2V78C" failures="0" tests="2" name="JKE2EProject.LoginPageTest" time="86.465" errors="0" timestamp="2021-10-15T20:18:42 IST" skipped="0">
  <testcase classname="JKE2EProject.LoginPageTest" name="LoginTest" time="63.616"/>
  <system-out/>
  <testcase classname="JKE2EProject.LoginPageTest" name="LoginTest" time="22.849"/>
  <system-out/>
</testsuite> <!-- JKE2EProject.LoginPageTest -->
